<?xml version="1.0" encoding="utf-8"?><testsuites><testsuite errors="0" failures="0" hostname="INLN56579460A" name="pytest" skipped="0" tests="8" time="0.108" timestamp="2021-03-16T03:13:14.094946"><testcase classname="Ex1" name="test_addition1" time="0.002" /><testcase classname="Ex1" name="test_addition2" time="0.002" /><testcase classname="Ex1" name="test_addition3" time="0.002" /><testcase classname="Ex1" name="test_addition4" time="0.001" /><testcase classname="Ex1" name="test_addition1" time="0.002" /><testcase classname="Ex1" name="test_addition2" time="0.001" /><testcase classname="Ex1" name="test_addition3" time="0.001" /><testcase classname="Ex1" name="test_addition4" time="0.002" /></testsuite></testsuites>